<?xml version="1.0" encoding="UTF-8"?>
<!-- Generated by org.testng.reporters.JUnitReportReporter -->
<testsuite hostname="LAPTOP-DSBTRNM3" failures="0" tests="1" name="StandardCode" time="25.089" errors="0" timestamp="2025-03-18T12:57:13 IST" skipped="0">
  <testcase classname="StandardCode" name="submitOrder" time="25.089"/>
</testsuite> <!-- StandardCode -->
