<?xml version="1.0" encoding="UTF-8"?>
<!-- Generated by org.testng.reporters.JUnitReportReporter -->
<testsuite hostname="LAPTOP-DSBTRNM3" failures="0" tests="1" name="StandardCode" time="23.550" errors="0" timestamp="2025-03-17T14:55:51 IST" skipped="0">
  <testcase classname="StandardCode" name="submitOrder" time="23.550"/>
</testsuite> <!-- StandardCode -->
