<?xml version="1.0" encoding="UTF-8"?>
<!-- Generated by org.testng.reporters.JUnitReportReporter -->
<testsuite hostname="LAPTOP-DSBTRNM3" failures="0" tests="2" name="TestCases.StandardCode" time="65.403" errors="0" timestamp="2025-03-18T14:32:34 IST" skipped="0">
  <testcase classname="TestCases.StandardCode" name="submitOrder" time="23.095"/>
  <testcase classname="TestCases.StandardCode" name="verifyOrderHistory" time="42.308"/>
</testsuite> <!-- TestCases.StandardCode -->
