<?xml version="1.0" encoding="UTF-8"?>
<!-- Generated by org.testng.reporters.JUnitReportReporter -->
<testsuite hostname="LAPTOP-DSBTRNM3" failures="0" tests="1" name="ErrorHandlingTest" time="8.067" errors="0" timestamp="2025-03-18T13:17:07 IST" skipped="0">
  <testcase classname="ErrorHandlingTest" name="submitOrder" time="8.067"/>
</testsuite> <!-- ErrorHandlingTest -->
